<?xml version="1.0" encoding="UTF-8"?>
<!-- Generated by org.testng.reporters.JUnitReportReporter -->
<testsuite hostname="DESKTOP-TK52E9L" failures="0" tests="1" name="Testpkg.Testclass" time="0.320" errors="0" timestamp="2024-09-24T16:43:05 IST" skipped="0">
  <testcase classname="Testpkg.Testclass" name="test" time="0.320"/>
  <system-out/>
</testsuite> <!-- Testpkg.Testclass -->
