<?xml version="1.0" encoding="UTF-8"?>
<!-- Generated by org.testng.reporters.JUnitReportReporter -->
<testsuite hostname="DESKTOP-TK52E9L" failures="0" tests="1" name="Datadriventest" time="6.090" errors="0" timestamp="2024-09-11T09:24:46 IST" skipped="0">
  <testcase classname="Datadriventest" name="datadriven" time="6.090"/>
  <system-out/>
</testsuite> <!-- Datadriventest -->
