<?xml version="1.0" encoding="UTF-8"?>
<!-- Generated by org.testng.reporters.JUnitReportReporter -->
<testsuite hostname="DESKTOP-TK52E9L" failures="0" tests="2" name="Testng.Testngdemo" time="0.014" errors="0" timestamp="2024-09-04T17:08:05 IST" skipped="0">
  <testcase classname="Testng.Testngdemo" name="test2" time="0.012"/>
  <system-out/>
  <testcase classname="Testng.Testngdemo" name="test3" time="0.002"/>
  <system-out/>
</testsuite> <!-- Testng.Testngdemo -->
